<?xml version="1.0" encoding="UTF-8"?>
<testng-results skipped="0" failed="0" ignored="0" total="3" passed="3">
  <reporter-output>
  </reporter-output>
  <suite name="Testngs" duration-ms="119" started-at="2018-12-26T17:11:40Z" finished-at="2018-12-26T17:11:40Z">
    <groups>
    </groups>
    <test name="src" duration-ms="119" started-at="2018-12-26T17:11:40Z" finished-at="2018-12-26T17:11:40Z">
      <class name="Pack2.Dependentmethods">
        <test-method status="PASS" signature="depen()[pri:0, instance:Pack2.Dependentmethods@5e3a8624]" name="depen" duration-ms="29" started-at="2018-12-26T22:41:40Z" finished-at="2018-12-26T22:41:40Z">
          <reporter-output>
          </reporter-output>
        </test-method> <!-- depen -->
      </class> <!-- Pack2.Dependentmethods -->
      <class name="pack1.prioritys">
        <test-method status="PASS" signature="u()[pri:0, instance:pack1.prioritys@1bce4f0a]" name="u" is-config="true" duration-ms="34" started-at="2018-12-26T22:41:40Z" finished-at="2018-12-26T22:41:40Z">
          <reporter-output>
          </reporter-output>
        </test-method> <!-- u -->
        <test-method status="PASS" signature="harsha()[pri:0, instance:pack1.prioritys@1bce4f0a]" name="harsha" is-config="true" duration-ms="0" started-at="2018-12-26T22:41:40Z" finished-at="2018-12-26T22:41:40Z">
          <reporter-output>
          </reporter-output>
        </test-method> <!-- harsha -->
        <test-method status="PASS" signature="m1()[pri:0, instance:pack1.prioritys@1bce4f0a]" name="m1" duration-ms="28" started-at="2018-12-26T22:41:40Z" finished-at="2018-12-26T22:41:40Z">
          <reporter-output>
          </reporter-output>
        </test-method> <!-- m1 -->
        <test-method status="PASS" signature="harsha()[pri:0, instance:pack1.prioritys@1bce4f0a]" name="harsha" is-config="true" duration-ms="1" started-at="2018-12-26T22:41:40Z" finished-at="2018-12-26T22:41:40Z">
          <reporter-output>
          </reporter-output>
        </test-method> <!-- harsha -->
        <test-method status="PASS" signature="m2()[pri:0, instance:pack1.prioritys@1bce4f0a]" name="m2" duration-ms="5" started-at="2018-12-26T22:41:40Z" finished-at="2018-12-26T22:41:40Z">
          <reporter-output>
          </reporter-output>
        </test-method> <!-- m2 -->
        <test-method status="PASS" signature="harsh()[pri:0, instance:pack1.prioritys@1bce4f0a]" name="harsh" is-config="true" duration-ms="1" started-at="2018-12-26T22:41:40Z" finished-at="2018-12-26T22:41:40Z">
          <reporter-output>
          </reporter-output>
        </test-method> <!-- harsh -->
      </class> <!-- pack1.prioritys -->
    </test> <!-- src -->
  </suite> <!-- Testngs -->
</testng-results>
